<?xml version="1.0" encoding="UTF-8"?>
<!-- Generated by org.testng.reporters.JUnitXMLReporter -->
<testsuite ignored="0" hostname="DESKTOP-3R73L8V" failures="0" tests="2" name="nopcommerceTest1" time="95.109" errors="0" timestamp="15 Dec 2018 07:26:50 GMT">
  <testcase classname="com.nopcommerce.testCases.TC_LoginTest_001" name="loginTest" time="41.991"/>
  <testcase classname="com.nopcommerce.testCases.TC_AddCustomerTest_003" name="addNewCustomer" time="45.049"/>
</testsuite> <!-- nopcommerceTest1 -->
