<?xml version="1.0" encoding="UTF-8"?>
<testng-results ignored="0" total="2" passed="2" failed="0" skipped="0">
  <reporter-output>
  </reporter-output>
  <suite started-at="2018-12-17T06:20:18Z" name="nopcommerceV1" finished-at="2018-12-17T06:20:53Z" duration-ms="35128">
    <groups>
    </groups>
    <test started-at="2018-12-17T06:20:18Z" name="nopcommerceTest1" finished-at="2018-12-17T06:20:53Z" duration-ms="35128">
      <class name="com.nopcommerce.testCases.TC_LoginTest_001">
        <test-method is-config="true" signature="setup(java.lang.String)[pri:0, instance:com.nopcommerce.testCases.TC_LoginTest_001@10e31a9a]" started-at="2018-12-17T06:20:18Z" name="setup" finished-at="2018-12-17T06:20:21Z" duration-ms="2596" status="PASS">
          <params>
            <param index="0">
              <value>
                <![CDATA[chrome]]>
              </value>
            </param>
          </params>
          <reporter-output>
          </reporter-output>
        </test-method> <!-- setup -->
        <test-method signature="loginTest()[pri:0, instance:com.nopcommerce.testCases.TC_LoginTest_001@10e31a9a]" started-at="2018-12-17T06:20:21Z" name="loginTest" finished-at="2018-12-17T06:20:34Z" duration-ms="13212" status="PASS">
          <reporter-output>
          </reporter-output>
        </test-method> <!-- loginTest -->
        <test-method is-config="true" signature="tearDown()[pri:0, instance:com.nopcommerce.testCases.TC_LoginTest_001@10e31a9a]" started-at="2018-12-17T06:20:34Z" name="tearDown" finished-at="2018-12-17T06:20:35Z" duration-ms="654" status="PASS">
          <reporter-output>
          </reporter-output>
        </test-method> <!-- tearDown -->
      </class> <!-- com.nopcommerce.testCases.TC_LoginTest_001 -->
      <class name="com.nopcommerce.testCases.TC_AddCustomerTest_003">
        <test-method is-config="true" signature="setup(java.lang.String)[pri:0, instance:com.nopcommerce.testCases.TC_AddCustomerTest_003@131774fe]" started-at="2018-12-17T06:20:35Z" name="setup" finished-at="2018-12-17T06:20:37Z" duration-ms="2023" status="PASS">
          <params>
            <param index="0">
              <value>
                <![CDATA[chrome]]>
              </value>
            </param>
          </params>
          <reporter-output>
          </reporter-output>
        </test-method> <!-- setup -->
        <test-method signature="addNewCustomer()[pri:0, instance:com.nopcommerce.testCases.TC_AddCustomerTest_003@131774fe]" started-at="2018-12-17T06:20:37Z" name="addNewCustomer" finished-at="2018-12-17T06:20:52Z" duration-ms="15692" status="PASS">
          <reporter-output>
          </reporter-output>
        </test-method> <!-- addNewCustomer -->
        <test-method is-config="true" signature="tearDown()[pri:0, instance:com.nopcommerce.testCases.TC_AddCustomerTest_003@131774fe]" started-at="2018-12-17T06:20:52Z" name="tearDown" finished-at="2018-12-17T06:20:53Z" duration-ms="672" status="PASS">
          <reporter-output>
          </reporter-output>
        </test-method> <!-- tearDown -->
      </class> <!-- com.nopcommerce.testCases.TC_AddCustomerTest_003 -->
    </test> <!-- nopcommerceTest1 -->
  </suite> <!-- nopcommerceV1 -->
</testng-results>
