<?xml version="1.0" encoding="UTF-8"?>
<!-- Generated by org.testng.reporters.JUnitXMLReporter -->
<testsuite ignored="0" hostname="DESKTOP-3R73L8V" failures="0" tests="2" name="nopcommerceTest1" time="71.485" errors="0" timestamp="15 Dec 2018 05:26:03 GMT">
  <testcase classname="com.nopcommerce.testCases.TC_LoginTest_001" name="loginTest" time="45.519"/>
  <testcase classname="com.nopcommerce.testCases.TC_AddCustomerTest_003" name="addNewCustomer" time="19.715"/>
</testsuite> <!-- nopcommerceTest1 -->
