<?xml version="1.0" encoding="UTF-8"?>
<!-- Generated by org.testng.reporters.JUnitXMLReporter -->
<testsuite ignored="0" hostname="DESKTOP-3R73L8V" failures="0" tests="2" name="nopcommerceTest1" time="40.062" errors="0" timestamp="17 Dec 2018 06:17:09 GMT">
  <testcase classname="com.nopcommerce.testCases.TC_LoginTest_001" name="loginTest" time="13.703"/>
  <testcase classname="com.nopcommerce.testCases.TC_AddCustomerTest_003" name="addNewCustomer" time="18.56"/>
</testsuite> <!-- nopcommerceTest1 -->
