<?xml version="1.0" encoding="UTF-8"?>
<testng-results ignored="0" total="2" passed="2" failed="0" skipped="0">
  <reporter-output>
  </reporter-output>
  <suite started-at="2018-12-15T05:24:51Z" name="nopcommerceV1" finished-at="2018-12-15T05:26:03Z" duration-ms="71485">
    <groups>
    </groups>
    <test started-at="2018-12-15T05:24:51Z" name="nopcommerceTest1" finished-at="2018-12-15T05:26:03Z" duration-ms="71485">
      <class name="com.nopcommerce.testCases.TC_LoginTest_001">
        <test-method is-config="true" signature="setup(java.lang.String)[pri:0, instance:com.nopcommerce.testCases.TC_LoginTest_001@65b3f4a4]" started-at="2018-12-15T05:24:52Z" name="setup" finished-at="2018-12-15T05:24:54Z" duration-ms="2606" status="PASS">
          <params>
            <param index="0">
              <value>
                <![CDATA[chrome]]>
              </value>
            </param>
          </params>
          <reporter-output>
          </reporter-output>
        </test-method> <!-- setup -->
        <test-method signature="loginTest()[pri:0, instance:com.nopcommerce.testCases.TC_LoginTest_001@65b3f4a4]" started-at="2018-12-15T05:24:54Z" name="loginTest" finished-at="2018-12-15T05:25:40Z" duration-ms="45519" status="PASS">
          <reporter-output>
          </reporter-output>
        </test-method> <!-- loginTest -->
        <test-method is-config="true" signature="tearDown()[pri:0, instance:com.nopcommerce.testCases.TC_LoginTest_001@65b3f4a4]" started-at="2018-12-15T05:25:40Z" name="tearDown" finished-at="2018-12-15T05:25:40Z" duration-ms="699" status="PASS">
          <reporter-output>
          </reporter-output>
        </test-method> <!-- tearDown -->
      </class> <!-- com.nopcommerce.testCases.TC_LoginTest_001 -->
      <class name="com.nopcommerce.testCases.TC_AddCustomerTest_003">
        <test-method is-config="true" signature="setup(java.lang.String)[pri:0, instance:com.nopcommerce.testCases.TC_AddCustomerTest_003@f2ff811]" started-at="2018-12-15T05:25:40Z" name="setup" finished-at="2018-12-15T05:25:42Z" duration-ms="2020" status="PASS">
          <params>
            <param index="0">
              <value>
                <![CDATA[chrome]]>
              </value>
            </param>
          </params>
          <reporter-output>
          </reporter-output>
        </test-method> <!-- setup -->
        <test-method signature="addNewCustomer()[pri:0, instance:com.nopcommerce.testCases.TC_AddCustomerTest_003@f2ff811]" started-at="2018-12-15T05:25:42Z" name="addNewCustomer" finished-at="2018-12-15T05:26:02Z" duration-ms="19715" status="PASS">
          <reporter-output>
          </reporter-output>
        </test-method> <!-- addNewCustomer -->
        <test-method is-config="true" signature="tearDown()[pri:0, instance:com.nopcommerce.testCases.TC_AddCustomerTest_003@f2ff811]" started-at="2018-12-15T05:26:02Z" name="tearDown" finished-at="2018-12-15T05:26:03Z" duration-ms="657" status="PASS">
          <reporter-output>
          </reporter-output>
        </test-method> <!-- tearDown -->
      </class> <!-- com.nopcommerce.testCases.TC_AddCustomerTest_003 -->
    </test> <!-- nopcommerceTest1 -->
  </suite> <!-- nopcommerceV1 -->
</testng-results>
